0 info it worked if it ends with ok
1 verbose cli [ 'node',
1 verbose cli   '/usr/local/bin/npm',
1 verbose cli   'install',
1 verbose cli   'gulp-jasmine',
1 verbose cli   '--save-dev' ]
2 info using npm@1.4.16
3 info using node@v0.10.28
4 verbose node symlink /usr/local/bin/node
5 warn package.json angular-auth-example@0.0.1 No README data
6 verbose readDependencies using package.json deps
7 verbose cache add [ 'gulp-jasmine', null ]
8 verbose cache add name=undefined spec="gulp-jasmine" args=["gulp-jasmine",null]
9 verbose parsed url { protocol: null,
9 verbose parsed url   slashes: null,
9 verbose parsed url   auth: null,
9 verbose parsed url   host: null,
9 verbose parsed url   port: null,
9 verbose parsed url   hostname: null,
9 verbose parsed url   hash: null,
9 verbose parsed url   search: null,
9 verbose parsed url   query: null,
9 verbose parsed url   pathname: 'gulp-jasmine',
9 verbose parsed url   path: 'gulp-jasmine',
9 verbose parsed url   href: 'gulp-jasmine' }
10 silly lockFile a7d490e6-gulp-jasmine gulp-jasmine
11 verbose lock gulp-jasmine /Users/panusuwv/.npm/a7d490e6-gulp-jasmine.lock
12 silly lockFile a7d490e6-gulp-jasmine gulp-jasmine
13 silly lockFile a7d490e6-gulp-jasmine gulp-jasmine
14 verbose addNamed [ 'gulp-jasmine', '' ]
15 verbose addNamed [ null, '*' ]
16 silly lockFile ac3e9eb4-gulp-jasmine gulp-jasmine@
17 verbose lock gulp-jasmine@ /Users/panusuwv/.npm/ac3e9eb4-gulp-jasmine.lock
18 silly addNameRange { name: 'gulp-jasmine', range: '*', hasData: false }
19 verbose request where is /artifactory/api/npm/npm-repo/gulp-jasmine
20 verbose request registry http://artifactory.cobalt.com/
21 verbose request id ea37d4bb0b72adae
22 verbose url raw /artifactory/api/npm/npm-repo/gulp-jasmine
23 verbose url resolving [ 'http://artifactory.cobalt.com/',
23 verbose url resolving   './artifactory/api/npm/npm-repo/gulp-jasmine' ]
24 verbose url resolved http://artifactory.cobalt.com/artifactory/api/npm/npm-repo/gulp-jasmine
25 verbose request where is http://artifactory.cobalt.com/artifactory/api/npm/npm-repo/gulp-jasmine
26 info trying registry request attempt 1 at 19:24:55
27 http GET http://artifactory.cobalt.com/artifactory/api/npm/npm-repo/gulp-jasmine
28 info retry will retry, error on last attempt: Error: socket hang up
29 info trying registry request attempt 2 at 19:25:09
30 http GET http://artifactory.cobalt.com/artifactory/api/npm/npm-repo/gulp-jasmine
31 info retry will retry, error on last attempt: Error: socket hang up
32 info trying registry request attempt 3 at 19:26:13
33 http GET http://artifactory.cobalt.com/artifactory/api/npm/npm-repo/gulp-jasmine
34 silly lockFile ac3e9eb4-gulp-jasmine gulp-jasmine@
35 silly lockFile ac3e9eb4-gulp-jasmine gulp-jasmine@
36 error network socket hang up
36 error network This is most likely not a problem with npm itself
36 error network and is related to network connectivity.
36 error network In most cases you are behind a proxy or have bad network settings.
36 error network
36 error network If you are behind a proxy, please make sure that the
36 error network 'proxy' config is set properly.  See: 'npm help config'
37 error System Darwin 13.2.0
38 error command "node" "/usr/local/bin/npm" "install" "gulp-jasmine" "--save-dev"
39 error cwd /Users/panusuwv/Documents/projects/angular-auth-example
40 error node -v v0.10.28
41 error npm -v 1.4.16
42 error code ECONNRESET
43 verbose exit [ 1, true ]
